<?xml version="1.0" encoding="UTF-8"?>
<!-- Generated by org.testng.reporters.JUnitReportReporter -->
<testsuite skipped="0" hostname="MW-LT-076" name="testCases.AdminLoginTest" tests="4" failures="0" timestamp="2020-06-08T20:29:14 IST" time="17.654" errors="0">
  <testcase name="varifyClickOnManageUser" time="9.892" classname="testCases.AdminLoginTest"/>
  <system-out/>
  <testcase name="varifyClickOnNewUser" time="0.196" classname="testCases.AdminLoginTest"/>
  <system-out/>
  <testcase name="varifyCreateNewUser" time="0.012" classname="testCases.AdminLoginTest"/>
  <system-out/>
  <testcase name="varifyCreateNewForm" time="7.554" classname="testCases.AdminLoginTest"/>
  <system-out/>
</testsuite> <!-- testCases.AdminLoginTest -->
