<?xml version="1.0" encoding="UTF-8"?>
<!-- Generated by org.testng.reporters.JUnitReportReporter -->
<testsuite skipped="0" hostname="MW-LT-076" name="testCases.LoginPageTest" tests="3" failures="0" timestamp="2020-06-08T21:09:42 IST" time="1.354" errors="0">
  <testcase name="loginPageTitleTest" time="0.038" classname="testCases.LoginPageTest"/>
  <system-out/>
  <testcase name="daVitaLogoTest" time="0.042" classname="testCases.LoginPageTest"/>
  <system-out/>
  <testcase name="loginTest" time="1.274" classname="testCases.LoginPageTest"/>
  <system-out/>
</testsuite> <!-- testCases.LoginPageTest -->
