<?xml version="1.0" encoding="UTF-8"?>
<!-- Generated by org.testng.reporters.JUnitReportReporter -->
<testsuite skipped="0" hostname="MW-LT-076" name="testCases.PatientTest" tests="2" failures="0" timestamp="2020-06-08T20:14:38 IST" time="11.034" errors="0">
  <testcase name="varifyClickOnEducation" time="5.976" classname="testCases.PatientTest"/>
  <system-out/>
  <testcase name="varifyClickOnVideo" time="5.058" classname="testCases.PatientTest"/>
  <system-out/>
</testsuite> <!-- testCases.PatientTest -->
